<?xml version="1.0" encoding="UTF-8"?>
<coverage generated="1599290908590" clover="3.2.0">
  <project timestamp="1599290908590" name="All files">
    <metrics statements="25" coveredstatements="25" conditionals="24" coveredconditionals="24" methods="5" coveredmethods="5" elements="54" coveredelements="54" complexity="0" loc="25" ncloc="25" packages="1" files="1" classes="1"/>
    <file name="FizzBuzzCalc.js" path="/Users/shotayamamoto/Jest/FizzBuzz/src/FizzBuzzCalc.js">
      <metrics statements="25" coveredstatements="25" conditionals="24" coveredconditionals="24" methods="5" coveredmethods="5"/>
      <line num="2" count="1" type="stmt"/>
      <line num="5" count="8" type="cond" truecount="2" falsecount="0"/>
      <line num="7" count="4" type="stmt"/>
      <line num="11" count="4" type="cond" truecount="2" falsecount="0"/>
      <line num="13" count="1" type="stmt"/>
      <line num="16" count="3" type="cond" truecount="2" falsecount="0"/>
      <line num="18" count="1" type="stmt"/>
      <line num="21" count="2" type="cond" truecount="2" falsecount="0"/>
      <line num="23" count="1" type="stmt"/>
      <line num="28" count="1" type="stmt"/>
      <line num="35" count="1" type="stmt"/>
      <line num="37" count="8" type="cond" truecount="2" falsecount="0"/>
      <line num="38" count="7" type="cond" truecount="2" falsecount="0"/>
      <line num="39" count="6" type="cond" truecount="4" falsecount="0"/>
      <line num="41" count="4" type="stmt"/>
      <line num="45" count="1" type="stmt"/>
      <line num="47" count="4" type="cond" truecount="4" falsecount="0"/>
      <line num="49" count="3" type="stmt"/>
      <line num="53" count="1" type="stmt"/>
      <line num="55" count="3" type="cond" truecount="2" falsecount="0"/>
      <line num="57" count="2" type="stmt"/>
      <line num="61" count="1" type="stmt"/>
      <line num="63" count="2" type="cond" truecount="2" falsecount="0"/>
      <line num="65" count="1" type="stmt"/>
      <line num="70" count="1" type="stmt"/>
    </file>
  </project>
</coverage>
