{"/Users/shotayamamoto/Jest/FizzBuzz/src/FizzBuzzCalc.js": {"path":"/Users/shotayamamoto/Jest/FizzBuzz/src/FizzBuzzCalc.js","statementMap":{"0":{"start":{"line":2,"column":21},"end":{"line":32,"column":1}},"1":{"start":{"line":5,"column":2},"end":{"line":30,"column":3}},"2":{"start":{"line":7,"column":4},"end":{"line":7,"column":59}},"3":{"start":{"line":11,"column":8},"end":{"line":30,"column":3}},"4":{"start":{"line":13,"column":4},"end":{"line":13,"column":22}},"5":{"start":{"line":16,"column":8},"end":{"line":30,"column":3}},"6":{"start":{"line":18,"column":4},"end":{"line":18,"column":18}},"7":{"start":{"line":21,"column":8},"end":{"line":30,"column":3}},"8":{"start":{"line":23,"column":4},"end":{"line":23,"column":18}},"9":{"start":{"line":28,"column":4},"end":{"line":28,"column":15}},"10":{"start":{"line":35,"column":19},"end":{"line":43,"column":1}},"11":{"start":{"line":37,"column":2},"end":{"line":37,"column":42}},"12":{"start":{"line":37,"column":30},"end":{"line":37,"column":42}},"13":{"start":{"line":38,"column":2},"end":{"line":38,"column":41}},"14":{"start":{"line":38,"column":29},"end":{"line":38,"column":41}},"15":{"start":{"line":39,"column":2},"end":{"line":39,"column":35}},"16":{"start":{"line":39,"column":23},"end":{"line":39,"column":35}},"17":{"start":{"line":41,"column":2},"end":{"line":41,"column":15}},"18":{"start":{"line":45,"column":19},"end":{"line":51,"column":1}},"19":{"start":{"line":47,"column":2},"end":{"line":47,"column":39}},"20":{"start":{"line":47,"column":27},"end":{"line":47,"column":39}},"21":{"start":{"line":49,"column":2},"end":{"line":49,"column":16}},"22":{"start":{"line":53,"column":15},"end":{"line":59,"column":1}},"23":{"start":{"line":55,"column":2},"end":{"line":55,"column":27}},"24":{"start":{"line":55,"column":15},"end":{"line":55,"column":27}},"25":{"start":{"line":57,"column":2},"end":{"line":57,"column":15}},"26":{"start":{"line":61,"column":15},"end":{"line":67,"column":1}},"27":{"start":{"line":63,"column":2},"end":{"line":63,"column":27}},"28":{"start":{"line":63,"column":15},"end":{"line":63,"column":27}},"29":{"start":{"line":65,"column":2},"end":{"line":65,"column":15}},"30":{"start":{"line":70,"column":0},"end":{"line":70,"column":30}}},"fnMap":{"0":{"name":"(anonymous_0)","decl":{"start":{"line":2,"column":21},"end":{"line":2,"column":22}},"loc":{"start":{"line":2,"column":29},"end":{"line":32,"column":1}},"line":2},"1":{"name":"(anonymous_1)","decl":{"start":{"line":35,"column":19},"end":{"line":35,"column":20}},"loc":{"start":{"line":35,"column":27},"end":{"line":43,"column":1}},"line":35},"2":{"name":"(anonymous_2)","decl":{"start":{"line":45,"column":19},"end":{"line":45,"column":20}},"loc":{"start":{"line":45,"column":27},"end":{"line":51,"column":1}},"line":45},"3":{"name":"(anonymous_3)","decl":{"start":{"line":53,"column":15},"end":{"line":53,"column":16}},"loc":{"start":{"line":53,"column":23},"end":{"line":59,"column":1}},"line":53},"4":{"name":"(anonymous_4)","decl":{"start":{"line":61,"column":15},"end":{"line":61,"column":16}},"loc":{"start":{"line":61,"column":23},"end":{"line":67,"column":1}},"line":61}},"branchMap":{"0":{"loc":{"start":{"line":5,"column":2},"end":{"line":30,"column":3}},"type":"if","locations":[{"start":{"line":5,"column":2},"end":{"line":30,"column":3}},{"start":{"line":5,"column":2},"end":{"line":30,"column":3}}],"line":5},"1":{"loc":{"start":{"line":11,"column":8},"end":{"line":30,"column":3}},"type":"if","locations":[{"start":{"line":11,"column":8},"end":{"line":30,"column":3}},{"start":{"line":11,"column":8},"end":{"line":30,"column":3}}],"line":11},"2":{"loc":{"start":{"line":16,"column":8},"end":{"line":30,"column":3}},"type":"if","locations":[{"start":{"line":16,"column":8},"end":{"line":30,"column":3}},{"start":{"line":16,"column":8},"end":{"line":30,"column":3}}],"line":16},"3":{"loc":{"start":{"line":21,"column":8},"end":{"line":30,"column":3}},"type":"if","locations":[{"start":{"line":21,"column":8},"end":{"line":30,"column":3}},{"start":{"line":21,"column":8},"end":{"line":30,"column":3}}],"line":21},"4":{"loc":{"start":{"line":37,"column":2},"end":{"line":37,"column":42}},"type":"if","locations":[{"start":{"line":37,"column":2},"end":{"line":37,"column":42}},{"start":{"line":37,"column":2},"end":{"line":37,"column":42}}],"line":37},"5":{"loc":{"start":{"line":38,"column":2},"end":{"line":38,"column":41}},"type":"if","locations":[{"start":{"line":38,"column":2},"end":{"line":38,"column":41}},{"start":{"line":38,"column":2},"end":{"line":38,"column":41}}],"line":38},"6":{"loc":{"start":{"line":39,"column":2},"end":{"line":39,"column":35}},"type":"if","locations":[{"start":{"line":39,"column":2},"end":{"line":39,"column":35}},{"start":{"line":39,"column":2},"end":{"line":39,"column":35}}],"line":39},"7":{"loc":{"start":{"line":39,"column":5},"end":{"line":39,"column":21}},"type":"binary-expr","locations":[{"start":{"line":39,"column":5},"end":{"line":39,"column":10}},{"start":{"line":39,"column":14},"end":{"line":39,"column":21}}],"line":39},"8":{"loc":{"start":{"line":47,"column":2},"end":{"line":47,"column":39}},"type":"if","locations":[{"start":{"line":47,"column":2},"end":{"line":47,"column":39}},{"start":{"line":47,"column":2},"end":{"line":47,"column":39}}],"line":47},"9":{"loc":{"start":{"line":47,"column":5},"end":{"line":47,"column":25}},"type":"binary-expr","locations":[{"start":{"line":47,"column":5},"end":{"line":47,"column":13}},{"start":{"line":47,"column":17},"end":{"line":47,"column":25}}],"line":47},"10":{"loc":{"start":{"line":55,"column":2},"end":{"line":55,"column":27}},"type":"if","locations":[{"start":{"line":55,"column":2},"end":{"line":55,"column":27}},{"start":{"line":55,"column":2},"end":{"line":55,"column":27}}],"line":55},"11":{"loc":{"start":{"line":63,"column":2},"end":{"line":63,"column":27}},"type":"if","locations":[{"start":{"line":63,"column":2},"end":{"line":63,"column":27}},{"start":{"line":63,"column":2},"end":{"line":63,"column":27}}],"line":63}},"s":{"0":1,"1":8,"2":4,"3":4,"4":1,"5":3,"6":1,"7":2,"8":1,"9":1,"10":1,"11":8,"12":1,"13":7,"14":1,"15":6,"16":2,"17":4,"18":1,"19":4,"20":1,"21":3,"22":1,"23":3,"24":1,"25":2,"26":1,"27":2,"28":1,"29":1,"30":1},"f":{"0":8,"1":8,"2":4,"3":3,"4":2},"b":{"0":[4,4],"1":[1,3],"2":[1,2],"3":[1,1],"4":[1,7],"5":[1,6],"6":[2,4],"7":[6,5],"8":[1,3],"9":[4,2],"10":[1,2],"11":[1,1]},"_coverageSchema":"1a1c01bbd47fc00a2c39e90264f33305004495a9","hash":"f31811c982df53e0cc4c15a0a89f123cd10ac4ad"}
}
