<?xml version="1.0" encoding="UTF-8"?>
<coverage generated="1599144446202" clover="3.2.0">
  <project timestamp="1599144446202" name="All files">
    <metrics statements="25" coveredstatements="25" conditionals="24" coveredconditionals="24" methods="5" coveredmethods="5" elements="54" coveredelements="54" complexity="0" loc="25" ncloc="25" packages="1" files="1" classes="1"/>
    <file name="FizzBuzzCalc.js" path="/Users/shotayamamoto/Jest/FizzBuzz/src/FizzBuzzCalc.js">
      <metrics statements="25" coveredstatements="25" conditionals="24" coveredconditionals="24" methods="5" coveredmethods="5"/>
      <line num="2" count="1" type="stmt"/>
      <line num="5" count="8" type="stmt"/>
      <line num="7" count="8" type="cond" truecount="2" falsecount="0"/>
      <line num="8" count="7" type="cond" truecount="2" falsecount="0"/>
      <line num="9" count="6" type="cond" truecount="4" falsecount="0"/>
      <line num="11" count="4" type="stmt"/>
      <line num="15" count="8" type="stmt"/>
      <line num="17" count="4" type="cond" truecount="4" falsecount="0"/>
      <line num="19" count="3" type="stmt"/>
      <line num="23" count="8" type="stmt"/>
      <line num="25" count="3" type="cond" truecount="2" falsecount="0"/>
      <line num="27" count="2" type="stmt"/>
      <line num="31" count="8" type="stmt"/>
      <line num="33" count="2" type="cond" truecount="2" falsecount="0"/>
      <line num="35" count="1" type="stmt"/>
      <line num="41" count="8" type="cond" truecount="2" falsecount="0"/>
      <line num="43" count="4" type="stmt"/>
      <line num="49" count="4" type="cond" truecount="2" falsecount="0"/>
      <line num="51" count="1" type="stmt"/>
      <line num="56" count="3" type="cond" truecount="2" falsecount="0"/>
      <line num="58" count="1" type="stmt"/>
      <line num="63" count="2" type="cond" truecount="2" falsecount="0"/>
      <line num="65" count="1" type="stmt"/>
      <line num="70" count="1" type="stmt"/>
      <line num="75" count="1" type="stmt"/>
    </file>
  </project>
</coverage>
