{"/Users/shotayamamoto/Jest/FizzBuzz/src/FizzBuzzCalc.js": {"path":"/Users/shotayamamoto/Jest/FizzBuzz/src/FizzBuzzCalc.js","statementMap":{"0":{"start":{"line":2,"column":21},"end":{"line":72,"column":1}},"1":{"start":{"line":5,"column":19},"end":{"line":13,"column":1}},"2":{"start":{"line":7,"column":2},"end":{"line":7,"column":42}},"3":{"start":{"line":7,"column":30},"end":{"line":7,"column":42}},"4":{"start":{"line":8,"column":2},"end":{"line":8,"column":41}},"5":{"start":{"line":8,"column":29},"end":{"line":8,"column":41}},"6":{"start":{"line":9,"column":2},"end":{"line":9,"column":35}},"7":{"start":{"line":9,"column":23},"end":{"line":9,"column":35}},"8":{"start":{"line":11,"column":2},"end":{"line":11,"column":15}},"9":{"start":{"line":15,"column":19},"end":{"line":21,"column":1}},"10":{"start":{"line":17,"column":2},"end":{"line":17,"column":39}},"11":{"start":{"line":17,"column":27},"end":{"line":17,"column":39}},"12":{"start":{"line":19,"column":2},"end":{"line":19,"column":16}},"13":{"start":{"line":23,"column":15},"end":{"line":29,"column":1}},"14":{"start":{"line":25,"column":2},"end":{"line":25,"column":27}},"15":{"start":{"line":25,"column":15},"end":{"line":25,"column":27}},"16":{"start":{"line":27,"column":2},"end":{"line":27,"column":15}},"17":{"start":{"line":31,"column":15},"end":{"line":37,"column":1}},"18":{"start":{"line":33,"column":2},"end":{"line":33,"column":27}},"19":{"start":{"line":33,"column":15},"end":{"line":33,"column":27}},"20":{"start":{"line":35,"column":2},"end":{"line":35,"column":15}},"21":{"start":{"line":41,"column":0},"end":{"line":45,"column":1}},"22":{"start":{"line":43,"column":2},"end":{"line":43,"column":57}},"23":{"start":{"line":49,"column":0},"end":{"line":53,"column":1}},"24":{"start":{"line":51,"column":1},"end":{"line":51,"column":19}},"25":{"start":{"line":56,"column":0},"end":{"line":60,"column":1}},"26":{"start":{"line":58,"column":1},"end":{"line":58,"column":15}},"27":{"start":{"line":63,"column":0},"end":{"line":67,"column":1}},"28":{"start":{"line":65,"column":1},"end":{"line":65,"column":15}},"29":{"start":{"line":70,"column":0},"end":{"line":70,"column":11}},"30":{"start":{"line":75,"column":0},"end":{"line":75,"column":30}}},"fnMap":{"0":{"name":"(anonymous_0)","decl":{"start":{"line":2,"column":21},"end":{"line":2,"column":22}},"loc":{"start":{"line":2,"column":29},"end":{"line":72,"column":1}},"line":2},"1":{"name":"(anonymous_1)","decl":{"start":{"line":5,"column":19},"end":{"line":5,"column":20}},"loc":{"start":{"line":5,"column":27},"end":{"line":13,"column":1}},"line":5},"2":{"name":"(anonymous_2)","decl":{"start":{"line":15,"column":19},"end":{"line":15,"column":20}},"loc":{"start":{"line":15,"column":27},"end":{"line":21,"column":1}},"line":15},"3":{"name":"(anonymous_3)","decl":{"start":{"line":23,"column":15},"end":{"line":23,"column":16}},"loc":{"start":{"line":23,"column":23},"end":{"line":29,"column":1}},"line":23},"4":{"name":"(anonymous_4)","decl":{"start":{"line":31,"column":15},"end":{"line":31,"column":16}},"loc":{"start":{"line":31,"column":23},"end":{"line":37,"column":1}},"line":31}},"branchMap":{"0":{"loc":{"start":{"line":7,"column":2},"end":{"line":7,"column":42}},"type":"if","locations":[{"start":{"line":7,"column":2},"end":{"line":7,"column":42}},{"start":{"line":7,"column":2},"end":{"line":7,"column":42}}],"line":7},"1":{"loc":{"start":{"line":8,"column":2},"end":{"line":8,"column":41}},"type":"if","locations":[{"start":{"line":8,"column":2},"end":{"line":8,"column":41}},{"start":{"line":8,"column":2},"end":{"line":8,"column":41}}],"line":8},"2":{"loc":{"start":{"line":9,"column":2},"end":{"line":9,"column":35}},"type":"if","locations":[{"start":{"line":9,"column":2},"end":{"line":9,"column":35}},{"start":{"line":9,"column":2},"end":{"line":9,"column":35}}],"line":9},"3":{"loc":{"start":{"line":9,"column":5},"end":{"line":9,"column":21}},"type":"binary-expr","locations":[{"start":{"line":9,"column":5},"end":{"line":9,"column":10}},{"start":{"line":9,"column":14},"end":{"line":9,"column":21}}],"line":9},"4":{"loc":{"start":{"line":17,"column":2},"end":{"line":17,"column":39}},"type":"if","locations":[{"start":{"line":17,"column":2},"end":{"line":17,"column":39}},{"start":{"line":17,"column":2},"end":{"line":17,"column":39}}],"line":17},"5":{"loc":{"start":{"line":17,"column":5},"end":{"line":17,"column":25}},"type":"binary-expr","locations":[{"start":{"line":17,"column":5},"end":{"line":17,"column":13}},{"start":{"line":17,"column":17},"end":{"line":17,"column":25}}],"line":17},"6":{"loc":{"start":{"line":25,"column":2},"end":{"line":25,"column":27}},"type":"if","locations":[{"start":{"line":25,"column":2},"end":{"line":25,"column":27}},{"start":{"line":25,"column":2},"end":{"line":25,"column":27}}],"line":25},"7":{"loc":{"start":{"line":33,"column":2},"end":{"line":33,"column":27}},"type":"if","locations":[{"start":{"line":33,"column":2},"end":{"line":33,"column":27}},{"start":{"line":33,"column":2},"end":{"line":33,"column":27}}],"line":33},"8":{"loc":{"start":{"line":41,"column":0},"end":{"line":45,"column":1}},"type":"if","locations":[{"start":{"line":41,"column":0},"end":{"line":45,"column":1}},{"start":{"line":41,"column":0},"end":{"line":45,"column":1}}],"line":41},"9":{"loc":{"start":{"line":49,"column":0},"end":{"line":53,"column":1}},"type":"if","locations":[{"start":{"line":49,"column":0},"end":{"line":53,"column":1}},{"start":{"line":49,"column":0},"end":{"line":53,"column":1}}],"line":49},"10":{"loc":{"start":{"line":56,"column":0},"end":{"line":60,"column":1}},"type":"if","locations":[{"start":{"line":56,"column":0},"end":{"line":60,"column":1}},{"start":{"line":56,"column":0},"end":{"line":60,"column":1}}],"line":56},"11":{"loc":{"start":{"line":63,"column":0},"end":{"line":67,"column":1}},"type":"if","locations":[{"start":{"line":63,"column":0},"end":{"line":67,"column":1}},{"start":{"line":63,"column":0},"end":{"line":67,"column":1}}],"line":63}},"s":{"0":1,"1":8,"2":8,"3":1,"4":7,"5":1,"6":6,"7":2,"8":4,"9":8,"10":4,"11":1,"12":3,"13":8,"14":3,"15":1,"16":2,"17":8,"18":2,"19":1,"20":1,"21":8,"22":4,"23":4,"24":1,"25":3,"26":1,"27":2,"28":1,"29":1,"30":1},"f":{"0":8,"1":8,"2":4,"3":3,"4":2},"b":{"0":[1,7],"1":[1,6],"2":[2,4],"3":[6,5],"4":[1,3],"5":[4,2],"6":[1,2],"7":[1,1],"8":[4,4],"9":[1,3],"10":[1,2],"11":[1,1]},"_coverageSchema":"1a1c01bbd47fc00a2c39e90264f33305004495a9","hash":"ccabd0fb43d0ee80bf6673ace3bcb67fb9da738a"}
}
