TN:
SF:src/FizzBuzzCalc.js
FN:2,(anonymous_0)
FN:5,(anonymous_1)
FN:15,(anonymous_2)
FN:23,(anonymous_3)
FN:31,(anonymous_4)
FNF:5
FNH:5
FNDA:8,(anonymous_0)
FNDA:8,(anonymous_1)
FNDA:4,(anonymous_2)
FNDA:3,(anonymous_3)
FNDA:2,(anonymous_4)
DA:2,1
DA:5,8
DA:7,8
DA:8,7
DA:9,6
DA:11,4
DA:15,8
DA:17,4
DA:19,3
DA:23,8
DA:25,3
DA:27,2
DA:31,8
DA:33,2
DA:35,1
DA:41,8
DA:43,4
DA:49,4
DA:51,1
DA:56,3
DA:58,1
DA:63,2
DA:65,1
DA:70,1
DA:75,1
LF:25
LH:25
BRDA:7,0,0,1
BRDA:7,0,1,7
BRDA:8,1,0,1
BRDA:8,1,1,6
BRDA:9,2,0,2
BRDA:9,2,1,4
BRDA:9,3,0,6
BRDA:9,3,1,5
BRDA:17,4,0,1
BRDA:17,4,1,3
BRDA:17,5,0,4
BRDA:17,5,1,2
BRDA:25,6,0,1
BRDA:25,6,1,2
BRDA:33,7,0,1
BRDA:33,7,1,1
BRDA:41,8,0,4
BRDA:41,8,1,4
BRDA:49,9,0,1
BRDA:49,9,1,3
BRDA:56,10,0,1
BRDA:56,10,1,2
BRDA:63,11,0,1
BRDA:63,11,1,1
BRF:24
BRH:24
end_of_record
