TN:
SF:src/FizzBuzzCalc.js
FN:2,(anonymous_0)
FN:35,(anonymous_1)
FN:45,(anonymous_2)
FN:53,(anonymous_3)
FN:61,(anonymous_4)
FNF:5
FNH:5
FNDA:8,(anonymous_0)
FNDA:8,(anonymous_1)
FNDA:4,(anonymous_2)
FNDA:3,(anonymous_3)
FNDA:2,(anonymous_4)
DA:2,1
DA:5,8
DA:7,4
DA:11,4
DA:13,1
DA:16,3
DA:18,1
DA:21,2
DA:23,1
DA:28,1
DA:35,1
DA:37,8
DA:38,7
DA:39,6
DA:41,4
DA:45,1
DA:47,4
DA:49,3
DA:53,1
DA:55,3
DA:57,2
DA:61,1
DA:63,2
DA:65,1
DA:70,1
LF:25
LH:25
BRDA:5,0,0,4
BRDA:5,0,1,4
BRDA:11,1,0,1
BRDA:11,1,1,3
BRDA:16,2,0,1
BRDA:16,2,1,2
BRDA:21,3,0,1
BRDA:21,3,1,1
BRDA:37,4,0,1
BRDA:37,4,1,7
BRDA:38,5,0,1
BRDA:38,5,1,6
BRDA:39,6,0,2
BRDA:39,6,1,4
BRDA:39,7,0,6
BRDA:39,7,1,5
BRDA:47,8,0,1
BRDA:47,8,1,3
BRDA:47,9,0,4
BRDA:47,9,1,2
BRDA:55,10,0,1
BRDA:55,10,1,2
BRDA:63,11,0,1
BRDA:63,11,1,1
BRF:24
BRH:24
end_of_record
